Using pre-set license
Built from '2021.3/staging' branch; Version is '2021.3.6f1 (7da38d85baf6) revision 8233869'; Using compiler version '192829333'; Build Type 'Release'
OS: 'Windows 10  (10.0.19044) 64bit Education' Language: 'en' Physical Memory: 32717 MB
BatchMode: 1, IsHumanControllingUs: 0, StartBugReporterOnCrash: 0, Is64bit: 1, IsPro: 1

COMMAND LINE ARGUMENTS:
D:\Unity\2021.3.6f1\Editor\Unity.exe
-adb2
-batchMode
-noUpm
-name
AssetImportWorker8
-projectPath
D:/Unity/Dungeon - Copy
-logFile
Logs/AssetImportWorker8.log
-srvPort
55599
Successfully changed project path to: D:/Unity/Dungeon - Copy
D:/Unity/Dungeon - Copy
[UnityMemory] Configuration Parameters - Can be set up in boot.config
    "memorysetup-bucket-allocator-granularity=16"
    "memorysetup-bucket-allocator-bucket-count=8"
    "memorysetup-bucket-allocator-block-size=33554432"
    "memorysetup-bucket-allocator-block-count=8"
    "memorysetup-main-allocator-block-size=16777216"
    "memorysetup-thread-allocator-block-size=16777216"
    "memorysetup-gfx-main-allocator-block-size=16777216"
    "memorysetup-gfx-thread-allocator-block-size=16777216"
    "memorysetup-cache-allocator-block-size=4194304"
    "memorysetup-typetree-allocator-block-size=2097152"
    "memorysetup-profiler-bucket-allocator-granularity=16"
    "memorysetup-profiler-bucket-allocator-bucket-count=8"
    "memorysetup-profiler-bucket-allocator-block-size=33554432"
    "memorysetup-profiler-bucket-allocator-block-count=8"
    "memorysetup-profiler-allocator-block-size=16777216"
    "memorysetup-profiler-editor-allocator-block-size=1048576"
    "memorysetup-temp-allocator-size-main=16777216"
    "memorysetup-job-temp-allocator-block-size=2097152"
    "memorysetup-job-temp-allocator-block-size-background=1048576"
    "memorysetup-job-temp-allocator-reduction-small-platforms=262144"
    "memorysetup-temp-allocator-size-background-worker=32768"
    "memorysetup-temp-allocator-size-job-worker=262144"
    "memorysetup-temp-allocator-size-preload-manager=33554432"
    "memorysetup-temp-allocator-size-nav-mesh-worker=65536"
    "memorysetup-temp-allocator-size-audio-worker=65536"
    "memorysetup-temp-allocator-size-cloud-worker=32768"
    "memorysetup-temp-allocator-size-gi-baking-worker=262144"
    "memorysetup-temp-allocator-size-gfx=262144"
Refreshing native plugins compatible for Editor in 86.40 ms, found 2 plugins.
Preloading 0 native plugins for Editor in 0.00 ms.
Initialize engine version: 2021.3.6f1 (7da38d85baf6)
[Subsystems] Discovering subsystems at path D:/Unity/2021.3.6f1/Editor/Data/Resources/UnitySubsystems
[Subsystems] Discovering subsystems at path D:/Unity/Dungeon - Copy/Assets
GfxDevice: creating device client; threaded=0; jobified=0
Direct3D:
    Version:  Direct3D 11.0 [level 11.1]
    Renderer: NVIDIA GeForce GTX 1660 Ti (ID=0x2182)
    Vendor:   NVIDIA
    VRAM:     5991 MB
    Driver:   30.0.15.1295
Initialize mono
Mono path[0] = 'D:/Unity/2021.3.6f1/Editor/Data/Managed'
Mono path[1] = 'D:/Unity/2021.3.6f1/Editor/Data/MonoBleedingEdge/lib/mono/unityjit-win32'
Mono config path = 'D:/Unity/2021.3.6f1/Editor/Data/MonoBleedingEdge/etc'
Using monoOptions --debugger-agent=transport=dt_socket,embedding=1,server=y,suspend=n,address=127.0.0.1:56076
Begin MonoManager ReloadAssembly
Registering precompiled unity dll's ...
Register platform support module: D:/Unity/2021.3.6f1/Editor/Data/PlaybackEngines/WebGLSupport/UnityEditor.WebGL.Extensions.dll
Register platform support module: D:/Unity/2021.3.6f1/Editor/Data/PlaybackEngines/WindowsStandaloneSupport/UnityEditor.WindowsStandalone.Extensions.dll
Registered in 0.003054 seconds.
Native extension for WindowsStandalone target not found
Native extension for WebGL target not found
Refreshing native plugins compatible for Editor in 69.07 ms, found 2 plugins.
Preloading 0 native plugins for Editor in 0.00 ms.
Mono: successfully reloaded assembly
- Completed reload, in  0.623 seconds
Domain Reload Profiling:
	ReloadAssembly (624ms)
		BeginReloadAssembly (67ms)
			ExecutionOrderSort (0ms)
			DisableScriptedObjects (0ms)
			BackupInstance (0ms)
			ReleaseScriptingObjects (0ms)
			CreateAndSetChildDomain (1ms)
		EndReloadAssembly (455ms)
			LoadAssemblies (67ms)
			RebuildTransferFunctionScriptingTraits (0ms)
			SetupTypeCache (118ms)
			ReleaseScriptCaches (0ms)
			RebuildScriptCaches (27ms)
			SetupLoadedEditorAssemblies (258ms)
				LogAssemblyErrors (0ms)
				InitializePlatformSupportModulesInManaged (7ms)
				SetLoadedEditorAssemblies (0ms)
				RefreshPlugins (69ms)
				BeforeProcessingInitializeOnLoad (1ms)
				ProcessInitializeOnLoadAttributes (131ms)
				ProcessInitializeOnLoadMethodAttributes (50ms)
				AfterProcessingInitializeOnLoad (0ms)
				EditorAssembliesLoaded (0ms)
			ExecutionOrderSort2 (0ms)
			AwakeInstancesAfterBackupRestoration (0ms)
Platform modules already initialized, skipping
Registering precompiled user dll's ...
Registered in 0.010447 seconds.
Begin MonoManager ReloadAssembly
Native extension for WindowsStandalone target not found
Native extension for WebGL target not found
Refreshing native plugins compatible for Editor in 72.09 ms, found 2 plugins.
Preloading 0 native plugins for Editor in 0.00 ms.
Package Manager log level set to [2]
Mono: successfully reloaded assembly
- Completed reload, in  1.231 seconds
Domain Reload Profiling:
	ReloadAssembly (1232ms)
		BeginReloadAssembly (101ms)
			ExecutionOrderSort (0ms)
			DisableScriptedObjects (6ms)
			BackupInstance (0ms)
			ReleaseScriptingObjects (0ms)
			CreateAndSetChildDomain (20ms)
		EndReloadAssembly (993ms)
			LoadAssemblies (84ms)
			RebuildTransferFunctionScriptingTraits (0ms)
			SetupTypeCache (230ms)
			ReleaseScriptCaches (1ms)
			RebuildScriptCaches (58ms)
			SetupLoadedEditorAssemblies (582ms)
				LogAssemblyErrors (0ms)
				InitializePlatformSupportModulesInManaged (4ms)
				SetLoadedEditorAssemblies (0ms)
				RefreshPlugins (72ms)
				BeforeProcessingInitializeOnLoad (90ms)
				ProcessInitializeOnLoadAttributes (242ms)
				ProcessInitializeOnLoadMethodAttributes (170ms)
				AfterProcessingInitializeOnLoad (4ms)
				EditorAssembliesLoaded (0ms)
			ExecutionOrderSort2 (0ms)
			AwakeInstancesAfterBackupRestoration (14ms)
Platform modules already initialized, skipping
========================================================================
Worker process is ready to serve import requests
Launched and connected shader compiler UnityShaderCompiler.exe after 0.05 seconds
Refreshing native plugins compatible for Editor in 1.16 ms, found 2 plugins.
Preloading 0 native plugins for Editor in 0.00 ms.
Unloading 4373 Unused Serialized files (Serialized files now loaded: 0)
Unloading 90 unused Assets / (0.7 MB). Loaded Objects now: 4806.
Memory consumption went from 198.3 MB to 197.6 MB.
Total: 6.965200 ms (FindLiveObjects: 0.403800 ms CreateObjectMapping: 0.125200 ms MarkObjects: 6.125500 ms  DeleteObjects: 0.309500 ms)

AssetImportParameters requested are different than current active one (requested -> active):
  custom:video-decoder-ogg-theora: a1e56fd34408186e4bbccfd4996cb3dc -> 
  custom:container-muxer-webm: aa71ff27fc2769a1b78a27578f13a17b -> 
  custom:container-demuxer-webm: 4f35f7cbe854078d1ac9338744f61a02 -> 
  custom:video-encoder-webm-vp8: eb34c28f22e8b96e1ab97ce403110664 -> 
  custom:audio-encoder-webm-vorbis: bf7c407c2cedff20999df2af8eb42d56 -> 
  custom:framework-win-MediaFoundation: 216162199b28c13a410421893ffa2e32 -> 
  custom:container-demuxer-ogg: 62fdf1f143b41e24485cea50d1cbac27 -> 
  custom:video-decoder-webm-vp8: 9c59270c3fd7afecdb556c50c9e8de78 -> 
  custom:audio-decoder-ogg-vorbis: bf7c407c2cedff20999df2af8eb42d56 -> 
========================================================================
Received Import Request.
  Time since last request: 695666.087087 seconds.
  path: Assets/Scenes/Cutscenes/EnergyZero.playable
  artifactKey: Guid(84470b9982770bc4f9203c2c4c726511) Importer(815301076,1909f56bfc062723c751e8b465ee728b)
Start importing Assets/Scenes/Cutscenes/EnergyZero.playable using Guid(84470b9982770bc4f9203c2c4c726511) Importer(815301076,1909f56bfc062723c751e8b465ee728b)  -> (artifact id: 'f6b1ca5499df06e0033640db852d8988') in 0.052385 seconds 
========================================================================
Received Import Request.
  Time since last request: 5162.326604 seconds.
  path: Assets/Animations/player
  artifactKey: Guid(fa2c1342142238c469103d7c8dd46330) Importer(815301076,1909f56bfc062723c751e8b465ee728b)
Start importing Assets/Animations/player using Guid(fa2c1342142238c469103d7c8dd46330) Importer(815301076,1909f56bfc062723c751e8b465ee728b)  -> (artifact id: 'c42844a5f1470eb0b608d3238b32a54e') in 0.006855 seconds 
========================================================================
Received Import Request.
  Time since last request: 2.550665 seconds.
  path: Assets/Animations/player/player-idle.anim
  artifactKey: Guid(997185de1e623494b84b8e60530886e2) Importer(815301076,1909f56bfc062723c751e8b465ee728b)
Start importing Assets/Animations/player/player-idle.anim using Guid(997185de1e623494b84b8e60530886e2) Importer(815301076,1909f56bfc062723c751e8b465ee728b)  -> (artifact id: '00e0e4f452d3186ec0be039be5ab9e87') in 0.027685 seconds 
========================================================================
Received Import Request.
  Time since last request: 40.956109 seconds.
  path: Assets/Sprites/Players/down-walk.png
  artifactKey: Guid(c95af64c434218543adc265856894815) Importer(815301076,1909f56bfc062723c751e8b465ee728b)
Start importing Assets/Sprites/Players/down-walk.png using Guid(c95af64c434218543adc265856894815) Importer(815301076,1909f56bfc062723c751e8b465ee728b)  -> (artifact id: '5a52b7fe3be841d1fd5ef4bc83335d5a') in 0.388832 seconds 
========================================================================
Received Import Request.
  Time since last request: 0.000047 seconds.
  path: Assets/Sprites/Players/rounded.png
  artifactKey: Guid(aba2ef3291d5e0a4c8eccf01aa28f331) Importer(815301076,1909f56bfc062723c751e8b465ee728b)
Start importing Assets/Sprites/Players/rounded.png using Guid(aba2ef3291d5e0a4c8eccf01aa28f331) Importer(815301076,1909f56bfc062723c751e8b465ee728b)  -> (artifact id: '499fb89465fd4d2f6e7c98c9d597287d') in 0.122791 seconds 
========================================================================
Received Import Request.
  Time since last request: 0.000045 seconds.
  path: Assets/Sprites/Players/sandworm.png
  artifactKey: Guid(2934e8783e3f68e4d9e953aac53658be) Importer(815301076,1909f56bfc062723c751e8b465ee728b)
Start importing Assets/Sprites/Players/sandworm.png using Guid(2934e8783e3f68e4d9e953aac53658be) Importer(815301076,1909f56bfc062723c751e8b465ee728b)  -> (artifact id: 'de9390eb4343e5217594e7af22192383') in 0.131875 seconds 
========================================================================
Received Import Request.
  Time since last request: 0.000025 seconds.
  path: Assets/Sprites/Players/left-walk.png
  artifactKey: Guid(5f013d006e7d0e747aff8bd404baeda9) Importer(815301076,1909f56bfc062723c751e8b465ee728b)
Start importing Assets/Sprites/Players/left-walk.png using Guid(5f013d006e7d0e747aff8bd404baeda9) Importer(815301076,1909f56bfc062723c751e8b465ee728b)  -> (artifact id: '4127ed56dfc0f2c76b364c475bd19e5f') in 0.114762 seconds 
========================================================================
Received Import Request.
  Time since last request: 0.000033 seconds.
  path: Assets/Sprites/Players/E.png
  artifactKey: Guid(2924992e9f403d045b2c3197a3da280f) Importer(815301076,1909f56bfc062723c751e8b465ee728b)
Start importing Assets/Sprites/Players/E.png using Guid(2924992e9f403d045b2c3197a3da280f) Importer(815301076,1909f56bfc062723c751e8b465ee728b)  -> (artifact id: '888c1f68658a92341873a78b43764d44') in 0.091646 seconds 
========================================================================
Received Import Request.
  Time since last request: 0.000033 seconds.
  path: Assets/Sprites/Players/rounded-edges2.png
  artifactKey: Guid(c0d0ab96f1fcb4f45a9f4016443684cb) Importer(815301076,1909f56bfc062723c751e8b465ee728b)
Start importing Assets/Sprites/Players/rounded-edges2.png using Guid(c0d0ab96f1fcb4f45a9f4016443684cb) Importer(815301076,1909f56bfc062723c751e8b465ee728b)  -> (artifact id: 'db54076a579484020370c0089a96b629') in 0.186670 seconds 
========================================================================
Received Import Request.
  Time since last request: 0.000027 seconds.
  path: Assets/Sprites/Players/roundtiles.png
  artifactKey: Guid(2b190312328c6de48872388d8d37ebed) Importer(815301076,1909f56bfc062723c751e8b465ee728b)
Start importing Assets/Sprites/Players/roundtiles.png using Guid(2b190312328c6de48872388d8d37ebed) Importer(815301076,1909f56bfc062723c751e8b465ee728b)  -> (artifact id: 'a0a178bb28f8ad1ed41c7dff8f04b922') in 0.116998 seconds 
========================================================================
Received Import Request.
  Time since last request: 0.000040 seconds.
  path: Assets/Sprites/Players/Lancelot-Sheet.png
  artifactKey: Guid(6280cc8fba9e6cc4996e7a9846fdfb8d) Importer(815301076,1909f56bfc062723c751e8b465ee728b)
Start importing Assets/Sprites/Players/Lancelot-Sheet.png using Guid(6280cc8fba9e6cc4996e7a9846fdfb8d) Importer(815301076,1909f56bfc062723c751e8b465ee728b)  -> (artifact id: '95c0f661a2c19f04280f76a5b3214d77') in 0.051364 seconds 
========================================================================
Received Import Request.
  Time since last request: 0.000034 seconds.
  path: Assets/Sprites/Players/sand.png
  artifactKey: Guid(235f2af01fb1cf646845e4036e5a1223) Importer(815301076,1909f56bfc062723c751e8b465ee728b)
Start importing Assets/Sprites/Players/sand.png using Guid(235f2af01fb1cf646845e4036e5a1223) Importer(815301076,1909f56bfc062723c751e8b465ee728b)  -> (artifact id: 'b3c90a8bf0b73119501e0b04b8d37111') in 0.042872 seconds 
========================================================================
Received Import Request.
  Time since last request: 0.000027 seconds.
  path: Assets/Sprites/Players/kabowski-Sheet.png
  artifactKey: Guid(b0f0161a8db2d6541b9b93c1534fb8fa) Importer(815301076,1909f56bfc062723c751e8b465ee728b)
Start importing Assets/Sprites/Players/kabowski-Sheet.png using Guid(b0f0161a8db2d6541b9b93c1534fb8fa) Importer(815301076,1909f56bfc062723c751e8b465ee728b)  -> (artifact id: '39690584abb2a7300d247503bd49fced') in 0.043713 seconds 
========================================================================
Received Import Request.
  Time since last request: 0.000029 seconds.
  path: Assets/Sprites/Players/wall.png
  artifactKey: Guid(c4c49716796d20148a5125afc44d76d2) Importer(815301076,1909f56bfc062723c751e8b465ee728b)
Start importing Assets/Sprites/Players/wall.png using Guid(c4c49716796d20148a5125afc44d76d2) Importer(815301076,1909f56bfc062723c751e8b465ee728b)  -> (artifact id: '1d8e7b3057d7d2ba105bec365c09ee43') in 0.086687 seconds 
========================================================================
Received Import Request.
  Time since last request: 0.000020 seconds.
  path: Assets/Sprites/Players/yawning-Sheet.png
  artifactKey: Guid(c24250b50ec65834f8d3f3210f06d6f1) Importer(815301076,1909f56bfc062723c751e8b465ee728b)
Start importing Assets/Sprites/Players/yawning-Sheet.png using Guid(c24250b50ec65834f8d3f3210f06d6f1) Importer(815301076,1909f56bfc062723c751e8b465ee728b)  -> (artifact id: 'd8965861fa5f44c7bac79015cf5d7f38') in 0.022475 seconds 
========================================================================
Received Import Request.
  Time since last request: 28.811706 seconds.
  path: Assets/Sprites/Players/idle-export.png
  artifactKey: Guid(4570759f1a7ce65429edf0cf8e868f48) Importer(815301076,1909f56bfc062723c751e8b465ee728b)
Start importing Assets/Sprites/Players/idle-export.png using Guid(4570759f1a7ce65429edf0cf8e868f48) Importer(815301076,1909f56bfc062723c751e8b465ee728b)  -> (artifact id: '1c41481aebe7b7b7f2bfd48187ece03c') in 0.015502 seconds 
========================================================================
Received Import Request.
  Time since last request: 14.295993 seconds.
  path: Assets/Sprites/Players/idle-export.png
  artifactKey: Guid(4570759f1a7ce65429edf0cf8e868f48) Importer(815301076,1909f56bfc062723c751e8b465ee728b)
Start importing Assets/Sprites/Players/idle-export.png using Guid(4570759f1a7ce65429edf0cf8e868f48) Importer(815301076,1909f56bfc062723c751e8b465ee728b)  -> (artifact id: '40f3f7c382e66013e26349df714ab15c') in 0.017870 seconds 
========================================================================
Received Import Request.
  Time since last request: 38.004634 seconds.
  path: Assets/Sprites/Players/idle.png
  artifactKey: Guid(3e20437ba2cd8c44b9163472281cdb8d) Importer(815301076,1909f56bfc062723c751e8b465ee728b)
Start importing Assets/Sprites/Players/idle.png using Guid(3e20437ba2cd8c44b9163472281cdb8d) Importer(815301076,1909f56bfc062723c751e8b465ee728b)  -> (artifact id: '78831b85618ad489455e2f5df62ad15a') in 0.026427 seconds 
========================================================================
Received Import Request.
  Time since last request: 2.319895 seconds.
  path: Assets/Sprites/Players/idle.png
  artifactKey: Guid(3e20437ba2cd8c44b9163472281cdb8d) Importer(815301076,1909f56bfc062723c751e8b465ee728b)
Start importing Assets/Sprites/Players/idle.png using Guid(3e20437ba2cd8c44b9163472281cdb8d) Importer(815301076,1909f56bfc062723c751e8b465ee728b)  -> (artifact id: '1061334ca0c17e52ab8eff99e0e9e10c') in 0.222763 seconds 
========================================================================
Received Import Request.
  Time since last request: 1.824459 seconds.
  path: Assets/Sprites/Players/idle.png
  artifactKey: Guid(3e20437ba2cd8c44b9163472281cdb8d) Importer(815301076,1909f56bfc062723c751e8b465ee728b)
Start importing Assets/Sprites/Players/idle.png using Guid(3e20437ba2cd8c44b9163472281cdb8d) Importer(815301076,1909f56bfc062723c751e8b465ee728b)  -> (artifact id: 'df4af0e1ee42d35c397fdeffbf5cb2e0') in 0.061071 seconds 
========================================================================
Received Import Request.
  Time since last request: 22.853386 seconds.
  path: Assets/Sprites/Players/idle.png
  artifactKey: Guid(3e20437ba2cd8c44b9163472281cdb8d) Importer(815301076,1909f56bfc062723c751e8b465ee728b)
Start importing Assets/Sprites/Players/idle.png using Guid(3e20437ba2cd8c44b9163472281cdb8d) Importer(815301076,1909f56bfc062723c751e8b465ee728b)  -> (artifact id: '712e87184a06a0aeb4d499998add7f0f') in 0.056199 seconds 
========================================================================
Received Prepare
Registering precompiled user dll's ...
Registered in 0.011586 seconds.
Begin MonoManager ReloadAssembly
Native extension for WindowsStandalone target not found
Native extension for WebGL target not found
Refreshing native plugins compatible for Editor in 1.35 ms, found 2 plugins.
Preloading 0 native plugins for Editor in 0.00 ms.
Mono: successfully reloaded assembly
- Completed reload, in  1.258 seconds
Domain Reload Profiling:
	ReloadAssembly (1259ms)
		BeginReloadAssembly (180ms)
			ExecutionOrderSort (0ms)
			DisableScriptedObjects (10ms)
			BackupInstance (0ms)
			ReleaseScriptingObjects (0ms)
			CreateAndSetChildDomain (77ms)
		EndReloadAssembly (981ms)
			LoadAssemblies (98ms)
			RebuildTransferFunctionScriptingTraits (0ms)
			SetupTypeCache (252ms)
			ReleaseScriptCaches (3ms)
			RebuildScriptCaches (61ms)
			SetupLoadedEditorAssemblies (526ms)
				LogAssemblyErrors (0ms)
				InitializePlatformSupportModulesInManaged (11ms)
				SetLoadedEditorAssemblies (0ms)
				RefreshPlugins (1ms)
				BeforeProcessingInitializeOnLoad (88ms)
				ProcessInitializeOnLoadAttributes (242ms)
				ProcessInitializeOnLoadMethodAttributes (179ms)
				AfterProcessingInitializeOnLoad (4ms)
				EditorAssembliesLoaded (0ms)
			ExecutionOrderSort2 (0ms)
			AwakeInstancesAfterBackupRestoration (18ms)
Platform modules already initialized, skipping
Refreshing native plugins compatible for Editor in 5.05 ms, found 2 plugins.
Preloading 0 native plugins for Editor in 0.00 ms.
Unloading 4236 Unused Serialized files (Serialized files now loaded: 0)
Unloading 68 unused Assets / (0.7 MB). Loaded Objects now: 4832.
Memory consumption went from 195.2 MB to 194.5 MB.
Total: 8.138800 ms (FindLiveObjects: 0.373200 ms CreateObjectMapping: 0.098300 ms MarkObjects: 7.217500 ms  DeleteObjects: 0.448500 ms)

AssetImportParameters requested are different than current active one (requested -> active):
  custom:video-decoder-ogg-theora: a1e56fd34408186e4bbccfd4996cb3dc -> 
  custom:container-muxer-webm: aa71ff27fc2769a1b78a27578f13a17b -> 
  custom:container-demuxer-webm: 4f35f7cbe854078d1ac9338744f61a02 -> 
  custom:video-encoder-webm-vp8: eb34c28f22e8b96e1ab97ce403110664 -> 
  custom:audio-encoder-webm-vorbis: bf7c407c2cedff20999df2af8eb42d56 -> 
  custom:framework-win-MediaFoundation: 216162199b28c13a410421893ffa2e32 -> 
  custom:container-demuxer-ogg: 62fdf1f143b41e24485cea50d1cbac27 -> 
  custom:video-decoder-webm-vp8: 9c59270c3fd7afecdb556c50c9e8de78 -> 
  custom:audio-decoder-ogg-vorbis: bf7c407c2cedff20999df2af8eb42d56 -> 
========================================================================
Received Prepare
Registering precompiled user dll's ...
Registered in 0.013234 seconds.
Begin MonoManager ReloadAssembly
Native extension for WindowsStandalone target not found
Native extension for WebGL target not found
Refreshing native plugins compatible for Editor in 1.57 ms, found 2 plugins.
Preloading 0 native plugins for Editor in 0.00 ms.
Mono: successfully reloaded assembly
- Completed reload, in  1.133 seconds
Domain Reload Profiling:
	ReloadAssembly (1134ms)
		BeginReloadAssembly (122ms)
			ExecutionOrderSort (0ms)
			DisableScriptedObjects (5ms)
			BackupInstance (0ms)
			ReleaseScriptingObjects (0ms)
			CreateAndSetChildDomain (41ms)
		EndReloadAssembly (919ms)
			LoadAssemblies (80ms)
			RebuildTransferFunctionScriptingTraits (0ms)
			SetupTypeCache (233ms)
			ReleaseScriptCaches (3ms)
			RebuildScriptCaches (67ms)
			SetupLoadedEditorAssemblies (494ms)
				LogAssemblyErrors (0ms)
				InitializePlatformSupportModulesInManaged (11ms)
				SetLoadedEditorAssemblies (1ms)
				RefreshPlugins (2ms)
				BeforeProcessingInitializeOnLoad (88ms)
				ProcessInitializeOnLoadAttributes (235ms)
				ProcessInitializeOnLoadMethodAttributes (156ms)
				AfterProcessingInitializeOnLoad (3ms)
				EditorAssembliesLoaded (0ms)
			ExecutionOrderSort2 (0ms)
			AwakeInstancesAfterBackupRestoration (14ms)
Platform modules already initialized, skipping
Refreshing native plugins compatible for Editor in 4.40 ms, found 2 plugins.
Preloading 0 native plugins for Editor in 0.00 ms.
Unloading 4236 Unused Serialized files (Serialized files now loaded: 0)
Unloading 68 unused Assets / (0.7 MB). Loaded Objects now: 4835.
Memory consumption went from 195.2 MB to 194.5 MB.
Total: 6.651800 ms (FindLiveObjects: 0.382400 ms CreateObjectMapping: 0.100500 ms MarkObjects: 5.851200 ms  DeleteObjects: 0.316700 ms)

AssetImportParameters requested are different than current active one (requested -> active):
  custom:video-decoder-ogg-theora: a1e56fd34408186e4bbccfd4996cb3dc -> 
  custom:container-muxer-webm: aa71ff27fc2769a1b78a27578f13a17b -> 
  custom:container-demuxer-webm: 4f35f7cbe854078d1ac9338744f61a02 -> 
  custom:video-encoder-webm-vp8: eb34c28f22e8b96e1ab97ce403110664 -> 
  custom:audio-encoder-webm-vorbis: bf7c407c2cedff20999df2af8eb42d56 -> 
  custom:framework-win-MediaFoundation: 216162199b28c13a410421893ffa2e32 -> 
  custom:container-demuxer-ogg: 62fdf1f143b41e24485cea50d1cbac27 -> 
  custom:video-decoder-webm-vp8: 9c59270c3fd7afecdb556c50c9e8de78 -> 
  custom:audio-decoder-ogg-vorbis: bf7c407c2cedff20999df2af8eb42d56 -> 
========================================================================
Received Import Request.
  Time since last request: 460.649071 seconds.
  path: Assets/Sprites/Materials/mountain.mat
  artifactKey: Guid(646412bd4d0987843a9603231f7a0c6e) Importer(815301076,1909f56bfc062723c751e8b465ee728b)
Start importing Assets/Sprites/Materials/mountain.mat using Guid(646412bd4d0987843a9603231f7a0c6e) Importer(815301076,1909f56bfc062723c751e8b465ee728b)  -> (artifact id: '12429c7b8a11d1003f422bc1d19de80f') in 1.743196 seconds 
========================================================================
Received Import Request.
  Time since last request: 6.263414 seconds.
  path: Assets/Sprites/Collision Tiles/Sprite Textures/Tile Sprites/25percentcollider.asset
  artifactKey: Guid(6f887df1ab5f487498718f8850c6563a) Importer(815301076,1909f56bfc062723c751e8b465ee728b)
Start importing Assets/Sprites/Collision Tiles/Sprite Textures/Tile Sprites/25percentcollider.asset using Guid(6f887df1ab5f487498718f8850c6563a) Importer(815301076,1909f56bfc062723c751e8b465ee728b)  -> (artifact id: 'ed99606fabf63fd9196adba71cce308f') in 0.208784 seconds 
========================================================================
Received Import Request.
  Time since last request: 0.000024 seconds.
  path: Assets/Sprites/Collision Tiles/Sprite Textures/Tile Sprites/quarter-collider.asset
  artifactKey: Guid(889c2ac1aa61d4c46b2ff9c6f44b25e0) Importer(815301076,1909f56bfc062723c751e8b465ee728b)
Start importing Assets/Sprites/Collision Tiles/Sprite Textures/Tile Sprites/quarter-collider.asset using Guid(889c2ac1aa61d4c46b2ff9c6f44b25e0) Importer(815301076,1909f56bfc062723c751e8b465ee728b)  -> (artifact id: '186263a7ba020c91385449b84dc493ca') in 0.126571 seconds 
========================================================================
Received Import Request.
  Time since last request: 0.000037 seconds.
  path: Assets/Sprites/Collision Tiles/Sprite Textures/Tile Sprites/CollisionTile.png
  artifactKey: Guid(91f65276bc5344c4d947c88a99364d1b) Importer(815301076,1909f56bfc062723c751e8b465ee728b)
Start importing Assets/Sprites/Collision Tiles/Sprite Textures/Tile Sprites/CollisionTile.png using Guid(91f65276bc5344c4d947c88a99364d1b) Importer(815301076,1909f56bfc062723c751e8b465ee728b)  -> (artifact id: 'ea13e73290eedffb8f52aa1003344b0d') in 0.067504 seconds 
========================================================================
Received Import Request.
  Time since last request: 0.000044 seconds.
  path: Assets/Sprites/Collision Tiles/Sprite Textures/Tile Sprites/Collision Tile Diagonal.png
  artifactKey: Guid(90499fac1706de44382ab07f7887e79e) Importer(815301076,1909f56bfc062723c751e8b465ee728b)
Start importing Assets/Sprites/Collision Tiles/Sprite Textures/Tile Sprites/Collision Tile Diagonal.png using Guid(90499fac1706de44382ab07f7887e79e) Importer(815301076,1909f56bfc062723c751e8b465ee728b)  -> (artifact id: 'cec615f45500139c98dcf996dfb13b39') in 0.050862 seconds 
========================================================================
Received Prepare
Registering precompiled user dll's ...
Registered in 0.012048 seconds.
Begin MonoManager ReloadAssembly
Native extension for WindowsStandalone target not found
Native extension for WebGL target not found
Refreshing native plugins compatible for Editor in 1.30 ms, found 2 plugins.
Preloading 0 native plugins for Editor in 0.00 ms.
Mono: successfully reloaded assembly
- Completed reload, in  1.136 seconds
Domain Reload Profiling:
	ReloadAssembly (1137ms)
		BeginReloadAssembly (135ms)
			ExecutionOrderSort (0ms)
			DisableScriptedObjects (10ms)
			BackupInstance (0ms)
			ReleaseScriptingObjects (0ms)
			CreateAndSetChildDomain (47ms)
		EndReloadAssembly (906ms)
			LoadAssemblies (87ms)
			RebuildTransferFunctionScriptingTraits (0ms)
			SetupTypeCache (231ms)
			ReleaseScriptCaches (3ms)
			RebuildScriptCaches (59ms)
			SetupLoadedEditorAssemblies (459ms)
				LogAssemblyErrors (0ms)
				InitializePlatformSupportModulesInManaged (11ms)
				SetLoadedEditorAssemblies (0ms)
				RefreshPlugins (1ms)
				BeforeProcessingInitializeOnLoad (83ms)
				ProcessInitializeOnLoadAttributes (222ms)
				ProcessInitializeOnLoadMethodAttributes (139ms)
				AfterProcessingInitializeOnLoad (3ms)
				EditorAssembliesLoaded (0ms)
			ExecutionOrderSort2 (0ms)
			AwakeInstancesAfterBackupRestoration (17ms)
Platform modules already initialized, skipping
Refreshing native plugins compatible for Editor in 5.44 ms, found 2 plugins.
Preloading 0 native plugins for Editor in 0.00 ms.
Unloading 4244 Unused Serialized files (Serialized files now loaded: 0)
Unloading 68 unused Assets / (0.7 MB). Loaded Objects now: 4921.
Memory consumption went from 198.0 MB to 197.3 MB.
Total: 6.676800 ms (FindLiveObjects: 0.382000 ms CreateObjectMapping: 0.095400 ms MarkObjects: 5.845200 ms  DeleteObjects: 0.353100 ms)

AssetImportParameters requested are different than current active one (requested -> active):
  custom:video-decoder-ogg-theora: a1e56fd34408186e4bbccfd4996cb3dc -> 
  custom:container-muxer-webm: aa71ff27fc2769a1b78a27578f13a17b -> 
  custom:container-demuxer-webm: 4f35f7cbe854078d1ac9338744f61a02 -> 
  custom:video-encoder-webm-vp8: eb34c28f22e8b96e1ab97ce403110664 -> 
  custom:audio-encoder-webm-vorbis: bf7c407c2cedff20999df2af8eb42d56 -> 
  custom:framework-win-MediaFoundation: 216162199b28c13a410421893ffa2e32 -> 
  custom:container-demuxer-ogg: 62fdf1f143b41e24485cea50d1cbac27 -> 
  custom:video-decoder-webm-vp8: 9c59270c3fd7afecdb556c50c9e8de78 -> 
  custom:audio-decoder-ogg-vorbis: bf7c407c2cedff20999df2af8eb42d56 -> 
========================================================================
Received Prepare
Registering precompiled user dll's ...
Registered in 0.010232 seconds.
Begin MonoManager ReloadAssembly
Native extension for WindowsStandalone target not found
Native extension for WebGL target not found
Refreshing native plugins compatible for Editor in 1.31 ms, found 2 plugins.
Preloading 0 native plugins for Editor in 0.00 ms.
Mono: successfully reloaded assembly
- Completed reload, in  1.163 seconds
Domain Reload Profiling:
	ReloadAssembly (1164ms)
		BeginReloadAssembly (123ms)
			ExecutionOrderSort (0ms)
			DisableScriptedObjects (7ms)
			BackupInstance (0ms)
			ReleaseScriptingObjects (0ms)
			CreateAndSetChildDomain (40ms)
		EndReloadAssembly (947ms)
			LoadAssemblies (86ms)
			RebuildTransferFunctionScriptingTraits (0ms)
			SetupTypeCache (244ms)
			ReleaseScriptCaches (3ms)
			RebuildScriptCaches (63ms)
			SetupLoadedEditorAssemblies (494ms)
				LogAssemblyErrors (0ms)
				InitializePlatformSupportModulesInManaged (14ms)
				SetLoadedEditorAssemblies (0ms)
				RefreshPlugins (1ms)
				BeforeProcessingInitializeOnLoad (88ms)
				ProcessInitializeOnLoadAttributes (227ms)
				ProcessInitializeOnLoadMethodAttributes (160ms)
				AfterProcessingInitializeOnLoad (3ms)
				EditorAssembliesLoaded (0ms)
			ExecutionOrderSort2 (0ms)
			AwakeInstancesAfterBackupRestoration (17ms)
Platform modules already initialized, skipping
Refreshing native plugins compatible for Editor in 5.32 ms, found 2 plugins.
Preloading 0 native plugins for Editor in 0.00 ms.
Unloading 4244 Unused Serialized files (Serialized files now loaded: 0)
Unloading 68 unused Assets / (0.7 MB). Loaded Objects now: 4924.
Memory consumption went from 198.5 MB to 197.8 MB.
Total: 7.805300 ms (FindLiveObjects: 0.402700 ms CreateObjectMapping: 0.086400 ms MarkObjects: 6.893800 ms  DeleteObjects: 0.420800 ms)

AssetImportParameters requested are different than current active one (requested -> active):
  custom:video-decoder-ogg-theora: a1e56fd34408186e4bbccfd4996cb3dc -> 
  custom:container-muxer-webm: aa71ff27fc2769a1b78a27578f13a17b -> 
  custom:container-demuxer-webm: 4f35f7cbe854078d1ac9338744f61a02 -> 
  custom:video-encoder-webm-vp8: eb34c28f22e8b96e1ab97ce403110664 -> 
  custom:audio-encoder-webm-vorbis: bf7c407c2cedff20999df2af8eb42d56 -> 
  custom:framework-win-MediaFoundation: 216162199b28c13a410421893ffa2e32 -> 
  custom:container-demuxer-ogg: 62fdf1f143b41e24485cea50d1cbac27 -> 
  custom:video-decoder-webm-vp8: 9c59270c3fd7afecdb556c50c9e8de78 -> 
  custom:audio-decoder-ogg-vorbis: bf7c407c2cedff20999df2af8eb42d56 -> 
========================================================================
Received Prepare
Registering precompiled user dll's ...
Registered in 0.012012 seconds.
Begin MonoManager ReloadAssembly
Native extension for WindowsStandalone target not found
Native extension for WebGL target not found
Refreshing native plugins compatible for Editor in 1.50 ms, found 2 plugins.
Preloading 0 native plugins for Editor in 0.00 ms.
Mono: successfully reloaded assembly
- Completed reload, in  1.356 seconds
Domain Reload Profiling:
	ReloadAssembly (1357ms)
		BeginReloadAssembly (131ms)
			ExecutionOrderSort (0ms)
			DisableScriptedObjects (6ms)
			BackupInstance (0ms)
			ReleaseScriptingObjects (0ms)
			CreateAndSetChildDomain (40ms)
		EndReloadAssembly (1118ms)
			LoadAssemblies (98ms)
			RebuildTransferFunctionScriptingTraits (0ms)
			SetupTypeCache (269ms)
			ReleaseScriptCaches (4ms)
			RebuildScriptCaches (76ms)
			SetupLoadedEditorAssemblies (596ms)
				LogAssemblyErrors (0ms)
				InitializePlatformSupportModulesInManaged (12ms)
				SetLoadedEditorAssemblies (0ms)
				RefreshPlugins (2ms)
				BeforeProcessingInitializeOnLoad (111ms)
				ProcessInitializeOnLoadAttributes (278ms)
				ProcessInitializeOnLoadMethodAttributes (190ms)
				AfterProcessingInitializeOnLoad (3ms)
				EditorAssembliesLoaded (0ms)
			ExecutionOrderSort2 (0ms)
			AwakeInstancesAfterBackupRestoration (20ms)
Platform modules already initialized, skipping
Refreshing native plugins compatible for Editor in 6.05 ms, found 2 plugins.
Preloading 0 native plugins for Editor in 0.00 ms.
Unloading 4244 Unused Serialized files (Serialized files now loaded: 0)
Unloading 68 unused Assets / (0.7 MB). Loaded Objects now: 4927.
Memory consumption went from 198.5 MB to 197.8 MB.
Total: 8.221500 ms (FindLiveObjects: 0.423900 ms CreateObjectMapping: 0.096300 ms MarkObjects: 7.283200 ms  DeleteObjects: 0.416600 ms)

AssetImportParameters requested are different than current active one (requested -> active):
  custom:video-decoder-ogg-theora: a1e56fd34408186e4bbccfd4996cb3dc -> 
  custom:container-muxer-webm: aa71ff27fc2769a1b78a27578f13a17b -> 
  custom:container-demuxer-webm: 4f35f7cbe854078d1ac9338744f61a02 -> 
  custom:video-encoder-webm-vp8: eb34c28f22e8b96e1ab97ce403110664 -> 
  custom:audio-encoder-webm-vorbis: bf7c407c2cedff20999df2af8eb42d56 -> 
  custom:framework-win-MediaFoundation: 216162199b28c13a410421893ffa2e32 -> 
  custom:container-demuxer-ogg: 62fdf1f143b41e24485cea50d1cbac27 -> 
  custom:video-decoder-webm-vp8: 9c59270c3fd7afecdb556c50c9e8de78 -> 
  custom:audio-decoder-ogg-vorbis: bf7c407c2cedff20999df2af8eb42d56 -> 
========================================================================
Received Import Request.
  Time since last request: 2593.313769 seconds.
  path: Assets/Scenes/Cutscenes/EnergyZero.playable
  artifactKey: Guid(84470b9982770bc4f9203c2c4c726511) Importer(815301076,1909f56bfc062723c751e8b465ee728b)
Start importing Assets/Scenes/Cutscenes/EnergyZero.playable using Guid(84470b9982770bc4f9203c2c4c726511) Importer(815301076,1909f56bfc062723c751e8b465ee728b)  -> (artifact id: '293fdb4d881409c74a3cf5df388d941b') in 0.065590 seconds 
