Using pre-set license
Built from '2021.3/staging' branch; Version is '2021.3.6f1 (7da38d85baf6) revision 8233869'; Using compiler version '192829333'; Build Type 'Release'
OS: 'Windows 10  (10.0.19044) 64bit Education' Language: 'en' Physical Memory: 32717 MB
BatchMode: 1, IsHumanControllingUs: 0, StartBugReporterOnCrash: 0, Is64bit: 1, IsPro: 1

COMMAND LINE ARGUMENTS:
D:\Unity\2021.3.6f1\Editor\Unity.exe
-adb2
-batchMode
-noUpm
-name
AssetImportWorker4
-projectPath
D:/Unity/Dungeon - Copy
-logFile
Logs/AssetImportWorker4.log
-srvPort
53451
Successfully changed project path to: D:/Unity/Dungeon - Copy
D:/Unity/Dungeon - Copy
[UnityMemory] Configuration Parameters - Can be set up in boot.config
    "memorysetup-bucket-allocator-granularity=16"
    "memorysetup-bucket-allocator-bucket-count=8"
    "memorysetup-bucket-allocator-block-size=33554432"
    "memorysetup-bucket-allocator-block-count=8"
    "memorysetup-main-allocator-block-size=16777216"
    "memorysetup-thread-allocator-block-size=16777216"
    "memorysetup-gfx-main-allocator-block-size=16777216"
    "memorysetup-gfx-thread-allocator-block-size=16777216"
    "memorysetup-cache-allocator-block-size=4194304"
    "memorysetup-typetree-allocator-block-size=2097152"
    "memorysetup-profiler-bucket-allocator-granularity=16"
    "memorysetup-profiler-bucket-allocator-bucket-count=8"
    "memorysetup-profiler-bucket-allocator-block-size=33554432"
    "memorysetup-profiler-bucket-allocator-block-count=8"
    "memorysetup-profiler-allocator-block-size=16777216"
    "memorysetup-profiler-editor-allocator-block-size=1048576"
    "memorysetup-temp-allocator-size-main=16777216"
    "memorysetup-job-temp-allocator-block-size=2097152"
    "memorysetup-job-temp-allocator-block-size-background=1048576"
    "memorysetup-job-temp-allocator-reduction-small-platforms=262144"
    "memorysetup-temp-allocator-size-background-worker=32768"
    "memorysetup-temp-allocator-size-job-worker=262144"
    "memorysetup-temp-allocator-size-preload-manager=33554432"
    "memorysetup-temp-allocator-size-nav-mesh-worker=65536"
    "memorysetup-temp-allocator-size-audio-worker=65536"
    "memorysetup-temp-allocator-size-cloud-worker=32768"
    "memorysetup-temp-allocator-size-gi-baking-worker=262144"
    "memorysetup-temp-allocator-size-gfx=262144"
Refreshing native plugins compatible for Editor in 80.13 ms, found 2 plugins.
Preloading 0 native plugins for Editor in 0.00 ms.
Initialize engine version: 2021.3.6f1 (7da38d85baf6)
[Subsystems] Discovering subsystems at path D:/Unity/2021.3.6f1/Editor/Data/Resources/UnitySubsystems
[Subsystems] Discovering subsystems at path D:/Unity/Dungeon - Copy/Assets
GfxDevice: creating device client; threaded=0; jobified=0
Direct3D:
    Version:  Direct3D 11.0 [level 11.1]
    Renderer: NVIDIA GeForce GTX 1660 Ti (ID=0x2182)
    Vendor:   NVIDIA
    VRAM:     5991 MB
    Driver:   30.0.15.1295
Initialize mono
Mono path[0] = 'D:/Unity/2021.3.6f1/Editor/Data/Managed'
Mono path[1] = 'D:/Unity/2021.3.6f1/Editor/Data/MonoBleedingEdge/lib/mono/unityjit-win32'
Mono config path = 'D:/Unity/2021.3.6f1/Editor/Data/MonoBleedingEdge/etc'
Using monoOptions --debugger-agent=transport=dt_socket,embedding=1,server=y,suspend=n,address=127.0.0.1:56820
Begin MonoManager ReloadAssembly
Registering precompiled unity dll's ...
Register platform support module: D:/Unity/2021.3.6f1/Editor/Data/PlaybackEngines/WebGLSupport/UnityEditor.WebGL.Extensions.dll
Register platform support module: D:/Unity/2021.3.6f1/Editor/Data/PlaybackEngines/WindowsStandaloneSupport/UnityEditor.WindowsStandalone.Extensions.dll
Registered in 0.002728 seconds.
Native extension for WindowsStandalone target not found
Native extension for WebGL target not found
Refreshing native plugins compatible for Editor in 93.58 ms, found 2 plugins.
Preloading 0 native plugins for Editor in 0.00 ms.
Mono: successfully reloaded assembly
- Completed reload, in  0.603 seconds
Domain Reload Profiling:
	ReloadAssembly (603ms)
		BeginReloadAssembly (62ms)
			ExecutionOrderSort (0ms)
			DisableScriptedObjects (0ms)
			BackupInstance (0ms)
			ReleaseScriptingObjects (0ms)
			CreateAndSetChildDomain (1ms)
		EndReloadAssembly (444ms)
			LoadAssemblies (61ms)
			RebuildTransferFunctionScriptingTraits (0ms)
			SetupTypeCache (97ms)
			ReleaseScriptCaches (0ms)
			RebuildScriptCaches (25ms)
			SetupLoadedEditorAssemblies (280ms)
				LogAssemblyErrors (0ms)
				InitializePlatformSupportModulesInManaged (7ms)
				SetLoadedEditorAssemblies (0ms)
				RefreshPlugins (94ms)
				BeforeProcessingInitializeOnLoad (1ms)
				ProcessInitializeOnLoadAttributes (128ms)
				ProcessInitializeOnLoadMethodAttributes (49ms)
				AfterProcessingInitializeOnLoad (0ms)
				EditorAssembliesLoaded (0ms)
			ExecutionOrderSort2 (0ms)
			AwakeInstancesAfterBackupRestoration (0ms)
Platform modules already initialized, skipping
Registering precompiled user dll's ...
Registered in 0.011183 seconds.
Begin MonoManager ReloadAssembly
Native extension for WindowsStandalone target not found
Native extension for WebGL target not found
Refreshing native plugins compatible for Editor in 69.42 ms, found 2 plugins.
Preloading 0 native plugins for Editor in 0.00 ms.
Package Manager log level set to [2]
Mono: successfully reloaded assembly
- Completed reload, in  1.095 seconds
Domain Reload Profiling:
	ReloadAssembly (1096ms)
		BeginReloadAssembly (91ms)
			ExecutionOrderSort (0ms)
			DisableScriptedObjects (5ms)
			BackupInstance (0ms)
			ReleaseScriptingObjects (0ms)
			CreateAndSetChildDomain (20ms)
		EndReloadAssembly (909ms)
			LoadAssemblies (70ms)
			RebuildTransferFunctionScriptingTraits (0ms)
			SetupTypeCache (213ms)
			ReleaseScriptCaches (1ms)
			RebuildScriptCaches (52ms)
			SetupLoadedEditorAssemblies (534ms)
				LogAssemblyErrors (0ms)
				InitializePlatformSupportModulesInManaged (3ms)
				SetLoadedEditorAssemblies (0ms)
				RefreshPlugins (70ms)
				BeforeProcessingInitializeOnLoad (81ms)
				ProcessInitializeOnLoadAttributes (228ms)
				ProcessInitializeOnLoadMethodAttributes (148ms)
				AfterProcessingInitializeOnLoad (3ms)
				EditorAssembliesLoaded (0ms)
			ExecutionOrderSort2 (0ms)
			AwakeInstancesAfterBackupRestoration (12ms)
Platform modules already initialized, skipping
========================================================================
Worker process is ready to serve import requests
Launched and connected shader compiler UnityShaderCompiler.exe after 0.04 seconds
Refreshing native plugins compatible for Editor in 1.25 ms, found 2 plugins.
Preloading 0 native plugins for Editor in 0.00 ms.
Unloading 4376 Unused Serialized files (Serialized files now loaded: 0)
Unloading 90 unused Assets / (0.7 MB). Loaded Objects now: 4809.
Memory consumption went from 198.4 MB to 197.7 MB.
Total: 6.334000 ms (FindLiveObjects: 0.392600 ms CreateObjectMapping: 0.116000 ms MarkObjects: 5.521300 ms  DeleteObjects: 0.303300 ms)

AssetImportParameters requested are different than current active one (requested -> active):
  custom:video-decoder-ogg-theora: a1e56fd34408186e4bbccfd4996cb3dc -> 
  custom:container-muxer-webm: aa71ff27fc2769a1b78a27578f13a17b -> 
  custom:container-demuxer-webm: 4f35f7cbe854078d1ac9338744f61a02 -> 
  custom:video-encoder-webm-vp8: eb34c28f22e8b96e1ab97ce403110664 -> 
  custom:audio-encoder-webm-vorbis: bf7c407c2cedff20999df2af8eb42d56 -> 
  custom:framework-win-MediaFoundation: 216162199b28c13a410421893ffa2e32 -> 
  custom:container-demuxer-ogg: 62fdf1f143b41e24485cea50d1cbac27 -> 
  custom:video-decoder-webm-vp8: 9c59270c3fd7afecdb556c50c9e8de78 -> 
  custom:audio-decoder-ogg-vorbis: bf7c407c2cedff20999df2af8eb42d56 -> 
========================================================================
Received Import Request.
  Time since last request: 332569.426297 seconds.
  path: Assets/Tilemaps/Tile Palette/Collisions.prefab
  artifactKey: Guid(cbc8ee766fd9c014abc828ff76a97a6a) Importer(815301076,1909f56bfc062723c751e8b465ee728b)
Start importing Assets/Tilemaps/Tile Palette/Collisions.prefab using Guid(cbc8ee766fd9c014abc828ff76a97a6a) Importer(815301076,1909f56bfc062723c751e8b465ee728b)  -> (artifact id: '7a3a7e3485197ab218fa0a059d9a98f5') in 0.235909 seconds 
========================================================================
Received Import Request.
  Time since last request: 35.038965 seconds.
  path: Assets/Sprites/Players/Tile Sprites/road-edge.png
  artifactKey: Guid(8fc37668d917ad84d9bec121a1b6a62e) Importer(815301076,1909f56bfc062723c751e8b465ee728b)
Start importing Assets/Sprites/Players/Tile Sprites/road-edge.png using Guid(8fc37668d917ad84d9bec121a1b6a62e) Importer(815301076,1909f56bfc062723c751e8b465ee728b)  -> (artifact id: '310cea385c51b41d4de8012aa2211a5e') in 0.080499 seconds 
========================================================================
Received Import Request.
  Time since last request: 37.416307 seconds.
  path: Assets/Sprites/Aseprite/Tile Sprites/road-with-green-export.png
  artifactKey: Guid(0cd39d0ced0d13149b7edbb0622f75df) Importer(815301076,1909f56bfc062723c751e8b465ee728b)
Start importing Assets/Sprites/Aseprite/Tile Sprites/road-with-green-export.png using Guid(0cd39d0ced0d13149b7edbb0622f75df) Importer(815301076,1909f56bfc062723c751e8b465ee728b)  -> (artifact id: 'ab0cf4aad1c8ddaaeb1bf817fbd1d9f0') in 0.018130 seconds 
========================================================================
Received Import Request.
  Time since last request: 18.241697 seconds.
  path: Assets/Sprites/Aseprite/Tile Sprites/road-with-green-export.asset
  artifactKey: Guid(5b0cd4d3a78237f49be02b41342a69fc) Importer(815301076,1909f56bfc062723c751e8b465ee728b)
Start importing Assets/Sprites/Aseprite/Tile Sprites/road-with-green-export.asset using Guid(5b0cd4d3a78237f49be02b41342a69fc) Importer(815301076,1909f56bfc062723c751e8b465ee728b)  -> (artifact id: '9f000e36b40b2e805586f380037d8673') in 0.053784 seconds 
========================================================================
Received Import Request.
  Time since last request: 103.061840 seconds.
  path: Assets/Tilemaps/Tiles/Collision Tile Diagonal.asset
  artifactKey: Guid(93404c6a539527d4baa802a512e5c4df) Importer(815301076,1909f56bfc062723c751e8b465ee728b)
Start importing Assets/Tilemaps/Tiles/Collision Tile Diagonal.asset using Guid(93404c6a539527d4baa802a512e5c4df) Importer(815301076,1909f56bfc062723c751e8b465ee728b)  -> (artifact id: 'ddf6aac9fbbc45ae0647846aed1a2372') in 0.011010 seconds 
========================================================================
Received Import Request.
  Time since last request: 0.000032 seconds.
  path: Assets/Tilemaps/Tiles/road-edge.asset
  artifactKey: Guid(b1fb4a904046bdb478e961328e8d2fe5) Importer(815301076,1909f56bfc062723c751e8b465ee728b)
Start importing Assets/Tilemaps/Tiles/road-edge.asset using Guid(b1fb4a904046bdb478e961328e8d2fe5) Importer(815301076,1909f56bfc062723c751e8b465ee728b)  -> (artifact id: '7769be466a340e2b3407892479ef194c') in 0.010618 seconds 
========================================================================
Received Import Request.
  Time since last request: 0.000024 seconds.
  path: Assets/Tilemaps/Tiles/rounded-edges2_1.asset
  artifactKey: Guid(82efef88f4a0fd842bb43c957de6666d) Importer(815301076,1909f56bfc062723c751e8b465ee728b)
Start importing Assets/Tilemaps/Tiles/rounded-edges2_1.asset using Guid(82efef88f4a0fd842bb43c957de6666d) Importer(815301076,1909f56bfc062723c751e8b465ee728b)  -> (artifact id: '6046f937b11626b01df16fa86041425f') in 0.010740 seconds 
========================================================================
Received Import Request.
  Time since last request: 0.000023 seconds.
  path: Assets/Tilemaps/Tiles/rounded-edges2_5.asset
  artifactKey: Guid(bb9b7cdfb3e924147b6e9819eb8a5cba) Importer(815301076,1909f56bfc062723c751e8b465ee728b)
Start importing Assets/Tilemaps/Tiles/rounded-edges2_5.asset using Guid(bb9b7cdfb3e924147b6e9819eb8a5cba) Importer(815301076,1909f56bfc062723c751e8b465ee728b)  -> (artifact id: 'd8e400a984866902615caa4baaa84938') in 0.012310 seconds 
========================================================================
Received Import Request.
  Time since last request: 0.000029 seconds.
  path: Assets/Tilemaps/Tiles/path_8.asset
  artifactKey: Guid(7403f61a030b9a440ba9b711e3b3f6b2) Importer(815301076,1909f56bfc062723c751e8b465ee728b)
Start importing Assets/Tilemaps/Tiles/path_8.asset using Guid(7403f61a030b9a440ba9b711e3b3f6b2) Importer(815301076,1909f56bfc062723c751e8b465ee728b)  -> (artifact id: 'c124f4d22f867191e3e080343627621b') in 0.011914 seconds 
========================================================================
Received Import Request.
  Time since last request: 0.000035 seconds.
  path: Assets/Tilemaps/Tiles/road.asset
  artifactKey: Guid(6e2d674e6036f4940bc01e33b0f9aafc) Importer(815301076,1909f56bfc062723c751e8b465ee728b)
Start importing Assets/Tilemaps/Tiles/road.asset using Guid(6e2d674e6036f4940bc01e33b0f9aafc) Importer(815301076,1909f56bfc062723c751e8b465ee728b)  -> (artifact id: 'd5b102d0a51198b8684503cf62297db5') in 0.009252 seconds 
========================================================================
Received Import Request.
  Time since last request: 0.000029 seconds.
  path: Assets/Tilemaps/Tiles/rounded-edges2_6.asset
  artifactKey: Guid(36630c3a0fa184a44bd7b50e746340bf) Importer(815301076,1909f56bfc062723c751e8b465ee728b)
Start importing Assets/Tilemaps/Tiles/rounded-edges2_6.asset using Guid(36630c3a0fa184a44bd7b50e746340bf) Importer(815301076,1909f56bfc062723c751e8b465ee728b)  -> (artifact id: '156a875e198a314978a8bbda3a5e4170') in 0.010775 seconds 
========================================================================
Received Import Request.
  Time since last request: 0.000026 seconds.
  path: Assets/Tilemaps/Tiles/path_3.asset
  artifactKey: Guid(367cff5f3685426418dec5d36493c702) Importer(815301076,1909f56bfc062723c751e8b465ee728b)
Start importing Assets/Tilemaps/Tiles/path_3.asset using Guid(367cff5f3685426418dec5d36493c702) Importer(815301076,1909f56bfc062723c751e8b465ee728b)  -> (artifact id: '79f304ec3c6e40b8aae17950817c9efb') in 0.012026 seconds 
========================================================================
Received Import Request.
  Time since last request: 0.000023 seconds.
  path: Assets/Tilemaps/Tiles/rounded-edges2_11.asset
  artifactKey: Guid(5d1e63e2b18ff5e4db381aae47199215) Importer(815301076,1909f56bfc062723c751e8b465ee728b)
Start importing Assets/Tilemaps/Tiles/rounded-edges2_11.asset using Guid(5d1e63e2b18ff5e4db381aae47199215) Importer(815301076,1909f56bfc062723c751e8b465ee728b)  -> (artifact id: '3fc229dec4808de56e48e375ed446f1a') in 0.011072 seconds 
========================================================================
Received Import Request.
  Time since last request: 0.000022 seconds.
  path: Assets/Tilemaps/Tiles/rounded-edges2_10.asset
  artifactKey: Guid(8ce842b40fd6c2f4c9aa6e3cd3e554fa) Importer(815301076,1909f56bfc062723c751e8b465ee728b)
Start importing Assets/Tilemaps/Tiles/rounded-edges2_10.asset using Guid(8ce842b40fd6c2f4c9aa6e3cd3e554fa) Importer(815301076,1909f56bfc062723c751e8b465ee728b)  -> (artifact id: '8f5afa3f6df0b7b16a6ba8db38667a45') in 0.016446 seconds 
========================================================================
Received Import Request.
  Time since last request: 0.000029 seconds.
  path: Assets/Tilemaps/Tiles/rounded-edges2_7.asset
  artifactKey: Guid(a5b41c1de38e1b145a029fa089ba9fe3) Importer(815301076,1909f56bfc062723c751e8b465ee728b)
Start importing Assets/Tilemaps/Tiles/rounded-edges2_7.asset using Guid(a5b41c1de38e1b145a029fa089ba9fe3) Importer(815301076,1909f56bfc062723c751e8b465ee728b)  -> (artifact id: '1f61add608e313a9d33a16f81e1c3c94') in 0.011434 seconds 
========================================================================
Received Import Request.
  Time since last request: 0.000025 seconds.
  path: Assets/Tilemaps/Tiles/rounded-edges2_9.asset
  artifactKey: Guid(571cd2f517103fe4b80a8e27dceab9c8) Importer(815301076,1909f56bfc062723c751e8b465ee728b)
Start importing Assets/Tilemaps/Tiles/rounded-edges2_9.asset using Guid(571cd2f517103fe4b80a8e27dceab9c8) Importer(815301076,1909f56bfc062723c751e8b465ee728b)  -> (artifact id: 'ee5d815044dc06bf32a9be11de0b7425') in 0.010325 seconds 
========================================================================
Received Import Request.
  Time since last request: 0.000028 seconds.
  path: Assets/Tilemaps/Tiles/Water.asset
  artifactKey: Guid(498b00d1ebd5b8b4e9c82d6ff5aa65af) Importer(815301076,1909f56bfc062723c751e8b465ee728b)
Start importing Assets/Tilemaps/Tiles/Water.asset using Guid(498b00d1ebd5b8b4e9c82d6ff5aa65af) Importer(815301076,1909f56bfc062723c751e8b465ee728b)  -> (artifact id: '8d436af1078c9e9148e376df5f367904') in 0.004387 seconds 
========================================================================
Received Import Request.
  Time since last request: 0.000022 seconds.
  path: Assets/Tilemaps/Tiles/rounded-edges2_4.asset
  artifactKey: Guid(af85486ba65740b47a9e283edfdb9f6c) Importer(815301076,1909f56bfc062723c751e8b465ee728b)
Start importing Assets/Tilemaps/Tiles/rounded-edges2_4.asset using Guid(af85486ba65740b47a9e283edfdb9f6c) Importer(815301076,1909f56bfc062723c751e8b465ee728b)  -> (artifact id: 'e2a78c786b21cbe3d57ef93ae16185df') in 0.010557 seconds 
========================================================================
Received Import Request.
  Time since last request: 0.000024 seconds.
  path: Assets/Tilemaps/Tiles/road-with-green.asset
  artifactKey: Guid(6d4f5dfb05900694c8880e95cc9e0497) Importer(815301076,1909f56bfc062723c751e8b465ee728b)
Start importing Assets/Tilemaps/Tiles/road-with-green.asset using Guid(6d4f5dfb05900694c8880e95cc9e0497) Importer(815301076,1909f56bfc062723c751e8b465ee728b)  -> (artifact id: '7301e1b04f54196a995c63165d5965a6') in 0.009314 seconds 
========================================================================
Received Import Request.
  Time since last request: 0.000019 seconds.
  path: Assets/Tilemaps/Tiles/rounded-edges2_15.asset
  artifactKey: Guid(aba752cfeda63844f8b865030e34f4a8) Importer(815301076,1909f56bfc062723c751e8b465ee728b)
Start importing Assets/Tilemaps/Tiles/rounded-edges2_15.asset using Guid(aba752cfeda63844f8b865030e34f4a8) Importer(815301076,1909f56bfc062723c751e8b465ee728b)  -> (artifact id: '3d69c0c6448810b595ebc356218ef3b6') in 0.010863 seconds 
========================================================================
Received Import Request.
  Time since last request: 0.000027 seconds.
  path: Assets/Tilemaps/Tiles/path_0.asset
  artifactKey: Guid(6c4bb538c3def67459a9ed2fdebcedf6) Importer(815301076,1909f56bfc062723c751e8b465ee728b)
Start importing Assets/Tilemaps/Tiles/path_0.asset using Guid(6c4bb538c3def67459a9ed2fdebcedf6) Importer(815301076,1909f56bfc062723c751e8b465ee728b)  -> (artifact id: '91ef6e0ff8f9d14d98600b1997961946') in 0.010830 seconds 
========================================================================
Received Import Request.
  Time since last request: 0.000031 seconds.
  path: Assets/Tilemaps/Tiles/road-with-crack.asset
  artifactKey: Guid(137b6237219ace440893e19a4687d516) Importer(815301076,1909f56bfc062723c751e8b465ee728b)
Start importing Assets/Tilemaps/Tiles/road-with-crack.asset using Guid(137b6237219ace440893e19a4687d516) Importer(815301076,1909f56bfc062723c751e8b465ee728b)  -> (artifact id: 'cdaa6ae2c14aad9f09d5033baa6950b6') in 0.009663 seconds 
========================================================================
Received Import Request.
  Time since last request: 0.000044 seconds.
  path: Assets/Tilemaps/Tiles/rounded-edges2_3.asset
  artifactKey: Guid(05894322982be9a43b80f1e7ab3f6ef6) Importer(815301076,1909f56bfc062723c751e8b465ee728b)
Start importing Assets/Tilemaps/Tiles/rounded-edges2_3.asset using Guid(05894322982be9a43b80f1e7ab3f6ef6) Importer(815301076,1909f56bfc062723c751e8b465ee728b)  -> (artifact id: '00f66c8b04eabbfcd2a167e7ec2d95b9') in 0.011508 seconds 
========================================================================
Received Import Request.
  Time since last request: 0.000024 seconds.
  path: Assets/Tilemaps/Tiles/rock.asset
  artifactKey: Guid(60ea1e4e79823484ab25e868bd262436) Importer(815301076,1909f56bfc062723c751e8b465ee728b)
Start importing Assets/Tilemaps/Tiles/rock.asset using Guid(60ea1e4e79823484ab25e868bd262436) Importer(815301076,1909f56bfc062723c751e8b465ee728b)  -> (artifact id: '4c5fceccf14b8a62308e1dc07bfa9df7') in 0.011978 seconds 
========================================================================
Received Import Request.
  Time since last request: 0.000024 seconds.
  path: Assets/Tilemaps/Tiles/path_6.asset
  artifactKey: Guid(4d32568eb3608a945b72133199deadea) Importer(815301076,1909f56bfc062723c751e8b465ee728b)
Start importing Assets/Tilemaps/Tiles/path_6.asset using Guid(4d32568eb3608a945b72133199deadea) Importer(815301076,1909f56bfc062723c751e8b465ee728b)  -> (artifact id: '794d27a19e3a8954a3d008d49e9c95db') in 0.010626 seconds 
========================================================================
Received Import Request.
  Time since last request: 0.000031 seconds.
  path: Assets/Tilemaps/Tiles/path_7.asset
  artifactKey: Guid(4250a6324f5714e4b9f5a2936c3a2fdb) Importer(815301076,1909f56bfc062723c751e8b465ee728b)
Start importing Assets/Tilemaps/Tiles/path_7.asset using Guid(4250a6324f5714e4b9f5a2936c3a2fdb) Importer(815301076,1909f56bfc062723c751e8b465ee728b)  -> (artifact id: '53f4b9c4f9da8587bd8a128beb4c572a') in 0.011707 seconds 
Editor requested this worker to shutdown with reason: Scaling down because of idle timeout
AssetImportWorker is now disconnected from the server
Process exiting
Exiting without the bug reporter. Application will terminate with return code 0