Using pre-set license
Built from '2021.3/staging' branch; Version is '2021.3.6f1 (7da38d85baf6) revision 8233869'; Using compiler version '192829333'; Build Type 'Release'
OS: 'Windows 10  (10.0.19044) 64bit Education' Language: 'en' Physical Memory: 32717 MB
BatchMode: 1, IsHumanControllingUs: 0, StartBugReporterOnCrash: 0, Is64bit: 1, IsPro: 1

COMMAND LINE ARGUMENTS:
D:\Unity\2021.3.6f1\Editor\Unity.exe
-adb2
-batchMode
-noUpm
-name
AssetImportWorker9
-projectPath
D:/Unity/Dungeon - Copy
-logFile
Logs/AssetImportWorker9.log
-srvPort
55599
Successfully changed project path to: D:/Unity/Dungeon - Copy
D:/Unity/Dungeon - Copy
[UnityMemory] Configuration Parameters - Can be set up in boot.config
    "memorysetup-bucket-allocator-granularity=16"
    "memorysetup-bucket-allocator-bucket-count=8"
    "memorysetup-bucket-allocator-block-size=33554432"
    "memorysetup-bucket-allocator-block-count=8"
    "memorysetup-main-allocator-block-size=16777216"
    "memorysetup-thread-allocator-block-size=16777216"
    "memorysetup-gfx-main-allocator-block-size=16777216"
    "memorysetup-gfx-thread-allocator-block-size=16777216"
    "memorysetup-cache-allocator-block-size=4194304"
    "memorysetup-typetree-allocator-block-size=2097152"
    "memorysetup-profiler-bucket-allocator-granularity=16"
    "memorysetup-profiler-bucket-allocator-bucket-count=8"
    "memorysetup-profiler-bucket-allocator-block-size=33554432"
    "memorysetup-profiler-bucket-allocator-block-count=8"
    "memorysetup-profiler-allocator-block-size=16777216"
    "memorysetup-profiler-editor-allocator-block-size=1048576"
    "memorysetup-temp-allocator-size-main=16777216"
    "memorysetup-job-temp-allocator-block-size=2097152"
    "memorysetup-job-temp-allocator-block-size-background=1048576"
    "memorysetup-job-temp-allocator-reduction-small-platforms=262144"
    "memorysetup-temp-allocator-size-background-worker=32768"
    "memorysetup-temp-allocator-size-job-worker=262144"
    "memorysetup-temp-allocator-size-preload-manager=33554432"
    "memorysetup-temp-allocator-size-nav-mesh-worker=65536"
    "memorysetup-temp-allocator-size-audio-worker=65536"
    "memorysetup-temp-allocator-size-cloud-worker=32768"
    "memorysetup-temp-allocator-size-gi-baking-worker=262144"
    "memorysetup-temp-allocator-size-gfx=262144"
Refreshing native plugins compatible for Editor in 89.68 ms, found 2 plugins.
Preloading 0 native plugins for Editor in 0.00 ms.
Initialize engine version: 2021.3.6f1 (7da38d85baf6)
[Subsystems] Discovering subsystems at path D:/Unity/2021.3.6f1/Editor/Data/Resources/UnitySubsystems
[Subsystems] Discovering subsystems at path D:/Unity/Dungeon - Copy/Assets
GfxDevice: creating device client; threaded=0; jobified=0
Direct3D:
    Version:  Direct3D 11.0 [level 11.1]
    Renderer: NVIDIA GeForce GTX 1660 Ti (ID=0x2182)
    Vendor:   NVIDIA
    VRAM:     5991 MB
    Driver:   30.0.15.1295
Initialize mono
Mono path[0] = 'D:/Unity/2021.3.6f1/Editor/Data/Managed'
Mono path[1] = 'D:/Unity/2021.3.6f1/Editor/Data/MonoBleedingEdge/lib/mono/unityjit-win32'
Mono config path = 'D:/Unity/2021.3.6f1/Editor/Data/MonoBleedingEdge/etc'
Using monoOptions --debugger-agent=transport=dt_socket,embedding=1,server=y,suspend=n,address=127.0.0.1:56440
Begin MonoManager ReloadAssembly
Registering precompiled unity dll's ...
Register platform support module: D:/Unity/2021.3.6f1/Editor/Data/PlaybackEngines/WebGLSupport/UnityEditor.WebGL.Extensions.dll
Register platform support module: D:/Unity/2021.3.6f1/Editor/Data/PlaybackEngines/WindowsStandaloneSupport/UnityEditor.WindowsStandalone.Extensions.dll
Registered in 0.003172 seconds.
Native extension for WindowsStandalone target not found
Native extension for WebGL target not found
Refreshing native plugins compatible for Editor in 83.85 ms, found 2 plugins.
Preloading 0 native plugins for Editor in 0.00 ms.
Mono: successfully reloaded assembly
- Completed reload, in  0.643 seconds
Domain Reload Profiling:
	ReloadAssembly (643ms)
		BeginReloadAssembly (70ms)
			ExecutionOrderSort (0ms)
			DisableScriptedObjects (0ms)
			BackupInstance (0ms)
			ReleaseScriptingObjects (0ms)
			CreateAndSetChildDomain (1ms)
		EndReloadAssembly (469ms)
			LoadAssemblies (70ms)
			RebuildTransferFunctionScriptingTraits (0ms)
			SetupTypeCache (113ms)
			ReleaseScriptCaches (0ms)
			RebuildScriptCaches (27ms)
			SetupLoadedEditorAssemblies (281ms)
				LogAssemblyErrors (0ms)
				InitializePlatformSupportModulesInManaged (8ms)
				SetLoadedEditorAssemblies (0ms)
				RefreshPlugins (84ms)
				BeforeProcessingInitializeOnLoad (2ms)
				ProcessInitializeOnLoadAttributes (140ms)
				ProcessInitializeOnLoadMethodAttributes (47ms)
				AfterProcessingInitializeOnLoad (0ms)
				EditorAssembliesLoaded (0ms)
			ExecutionOrderSort2 (0ms)
			AwakeInstancesAfterBackupRestoration (0ms)
Platform modules already initialized, skipping
Registering precompiled user dll's ...
Registered in 0.010719 seconds.
Begin MonoManager ReloadAssembly
Native extension for WindowsStandalone target not found
Native extension for WebGL target not found
Refreshing native plugins compatible for Editor in 68.14 ms, found 2 plugins.
Preloading 0 native plugins for Editor in 0.00 ms.
Package Manager log level set to [2]
Mono: successfully reloaded assembly
- Completed reload, in  1.239 seconds
Domain Reload Profiling:
	ReloadAssembly (1240ms)
		BeginReloadAssembly (105ms)
			ExecutionOrderSort (0ms)
			DisableScriptedObjects (5ms)
			BackupInstance (0ms)
			ReleaseScriptingObjects (0ms)
			CreateAndSetChildDomain (22ms)
		EndReloadAssembly (1026ms)
			LoadAssemblies (79ms)
			RebuildTransferFunctionScriptingTraits (0ms)
			SetupTypeCache (274ms)
			ReleaseScriptCaches (1ms)
			RebuildScriptCaches (61ms)
			SetupLoadedEditorAssemblies (571ms)
				LogAssemblyErrors (0ms)
				InitializePlatformSupportModulesInManaged (3ms)
				SetLoadedEditorAssemblies (0ms)
				RefreshPlugins (68ms)
				BeforeProcessingInitializeOnLoad (89ms)
				ProcessInitializeOnLoadAttributes (240ms)
				ProcessInitializeOnLoadMethodAttributes (167ms)
				AfterProcessingInitializeOnLoad (3ms)
				EditorAssembliesLoaded (0ms)
			ExecutionOrderSort2 (0ms)
			AwakeInstancesAfterBackupRestoration (14ms)
Platform modules already initialized, skipping
========================================================================
Worker process is ready to serve import requests
Launched and connected shader compiler UnityShaderCompiler.exe after 0.05 seconds
Refreshing native plugins compatible for Editor in 1.23 ms, found 2 plugins.
Preloading 0 native plugins for Editor in 0.00 ms.
Unloading 4373 Unused Serialized files (Serialized files now loaded: 0)
Unloading 90 unused Assets / (0.7 MB). Loaded Objects now: 4806.
Memory consumption went from 198.3 MB to 197.6 MB.
Total: 6.846400 ms (FindLiveObjects: 0.451500 ms CreateObjectMapping: 0.115100 ms MarkObjects: 5.929700 ms  DeleteObjects: 0.348600 ms)

AssetImportParameters requested are different than current active one (requested -> active):
  custom:video-decoder-ogg-theora: a1e56fd34408186e4bbccfd4996cb3dc -> 
  custom:container-muxer-webm: aa71ff27fc2769a1b78a27578f13a17b -> 
  custom:container-demuxer-webm: 4f35f7cbe854078d1ac9338744f61a02 -> 
  custom:video-encoder-webm-vp8: eb34c28f22e8b96e1ab97ce403110664 -> 
  custom:audio-encoder-webm-vorbis: bf7c407c2cedff20999df2af8eb42d56 -> 
  custom:framework-win-MediaFoundation: 216162199b28c13a410421893ffa2e32 -> 
  custom:container-demuxer-ogg: 62fdf1f143b41e24485cea50d1cbac27 -> 
  custom:video-decoder-webm-vp8: 9c59270c3fd7afecdb556c50c9e8de78 -> 
  custom:audio-decoder-ogg-vorbis: bf7c407c2cedff20999df2af8eb42d56 -> 
========================================================================
Received Import Request.
  Time since last request: 700872.196727 seconds.
  path: Assets/Sprites/Players/dukeleto.png
  artifactKey: Guid(3874aa223f1846943a0ab9323192abf5) Importer(815301076,1909f56bfc062723c751e8b465ee728b)
Start importing Assets/Sprites/Players/dukeleto.png using Guid(3874aa223f1846943a0ab9323192abf5) Importer(815301076,1909f56bfc062723c751e8b465ee728b)  -> (artifact id: 'ce865800578185297a252f968fb7afa1') in 0.350961 seconds 
========================================================================
Received Import Request.
  Time since last request: 0.000031 seconds.
  path: Assets/Sprites/Players/pathcorners.png
  artifactKey: Guid(9ef78da161a7edb428e92c373b7534d5) Importer(815301076,1909f56bfc062723c751e8b465ee728b)
Start importing Assets/Sprites/Players/pathcorners.png using Guid(9ef78da161a7edb428e92c373b7534d5) Importer(815301076,1909f56bfc062723c751e8b465ee728b)  -> (artifact id: '3d7b171bdc044e25b237d638b5932f3f') in 0.119996 seconds 
========================================================================
Received Import Request.
  Time since last request: 0.000043 seconds.
  path: Assets/Sprites/Players/rotating ruby animation.png
  artifactKey: Guid(4448c0486e0a3234aa74e62648eca16f) Importer(815301076,1909f56bfc062723c751e8b465ee728b)
Start importing Assets/Sprites/Players/rotating ruby animation.png using Guid(4448c0486e0a3234aa74e62648eca16f) Importer(815301076,1909f56bfc062723c751e8b465ee728b)  -> (artifact id: '184cdf0d1d16a89b1e4e9c8bb9ff730e') in 0.144929 seconds 
========================================================================
Received Import Request.
  Time since last request: 0.000030 seconds.
  path: Assets/Sprites/Players/thebrain-Sheet.png
  artifactKey: Guid(c3d3e25de0050f7479a65da661d7bb3b) Importer(815301076,1909f56bfc062723c751e8b465ee728b)
Start importing Assets/Sprites/Players/thebrain-Sheet.png using Guid(c3d3e25de0050f7479a65da661d7bb3b) Importer(815301076,1909f56bfc062723c751e8b465ee728b)  -> (artifact id: 'c3ae4b897aa43d09f6248c9447fae99a') in 0.143844 seconds 
========================================================================
Received Import Request.
  Time since last request: 0.000026 seconds.
  path: Assets/Sprites/Players/mountain.png
  artifactKey: Guid(4fa12430521d4ea409ac30dcba70c91d) Importer(815301076,1909f56bfc062723c751e8b465ee728b)
Start importing Assets/Sprites/Players/mountain.png using Guid(4fa12430521d4ea409ac30dcba70c91d) Importer(815301076,1909f56bfc062723c751e8b465ee728b)  -> (artifact id: 'df3dabf3c18a10848cfa3870ccca4697') in 0.025189 seconds 
========================================================================
Received Import Request.
  Time since last request: 0.000050 seconds.
  path: Assets/Sprites/Players/sandworm.gif
  artifactKey: Guid(bbd01c7124b7e80408b795c3140ad0c5) Importer(815301076,1909f56bfc062723c751e8b465ee728b)
Start importing Assets/Sprites/Players/sandworm.gif using Guid(bbd01c7124b7e80408b795c3140ad0c5) Importer(815301076,1909f56bfc062723c751e8b465ee728b)  -> (artifact id: '833687be5b0f661ef2c1ceab0c479831') in 0.092170 seconds 
========================================================================
Received Import Request.
  Time since last request: 0.000024 seconds.
  path: Assets/Sprites/Players/idle.png
  artifactKey: Guid(3e20437ba2cd8c44b9163472281cdb8d) Importer(815301076,1909f56bfc062723c751e8b465ee728b)
Start importing Assets/Sprites/Players/idle.png using Guid(3e20437ba2cd8c44b9163472281cdb8d) Importer(815301076,1909f56bfc062723c751e8b465ee728b)  -> (artifact id: 'fa7a4f55fc0b5925a273097eb3c43c88') in 0.018621 seconds 
========================================================================
Received Import Request.
  Time since last request: 0.000025 seconds.
  path: Assets/Sprites/Players/idle-export.png
  artifactKey: Guid(4570759f1a7ce65429edf0cf8e868f48) Importer(815301076,1909f56bfc062723c751e8b465ee728b)
Start importing Assets/Sprites/Players/idle-export.png using Guid(4570759f1a7ce65429edf0cf8e868f48) Importer(815301076,1909f56bfc062723c751e8b465ee728b)  -> (artifact id: '704afafce2e8af9f52cea199c03f263b') in 0.015529 seconds 
========================================================================
Received Import Request.
  Time since last request: 0.000025 seconds.
  path: Assets/Sprites/Players/stone-export.png
  artifactKey: Guid(ca8b288849862b7409261ad9fac303eb) Importer(815301076,1909f56bfc062723c751e8b465ee728b)
Start importing Assets/Sprites/Players/stone-export.png using Guid(ca8b288849862b7409261ad9fac303eb) Importer(815301076,1909f56bfc062723c751e8b465ee728b)  -> (artifact id: '0b5df72df89e6bdf1a34c2331764fd28') in 0.124971 seconds 
========================================================================
Received Import Request.
  Time since last request: 0.000023 seconds.
  path: Assets/Sprites/Players/path.png
  artifactKey: Guid(f9c608f47f2557b45a787a5fc163e04e) Importer(815301076,1909f56bfc062723c751e8b465ee728b)
Start importing Assets/Sprites/Players/path.png using Guid(f9c608f47f2557b45a787a5fc163e04e) Importer(815301076,1909f56bfc062723c751e8b465ee728b)  -> (artifact id: '71c0b26cc0da34fc0834b95bcb6229fd') in 0.123025 seconds 
========================================================================
Received Import Request.
  Time since last request: 0.000037 seconds.
  path: Assets/Sprites/Players/stone.png
  artifactKey: Guid(67aa33278a6729e41990b7f64ea7828a) Importer(815301076,1909f56bfc062723c751e8b465ee728b)
Start importing Assets/Sprites/Players/stone.png using Guid(67aa33278a6729e41990b7f64ea7828a) Importer(815301076,1909f56bfc062723c751e8b465ee728b)  -> (artifact id: 'd398172faf35eebe765ef1d60de2f752') in 0.050384 seconds 
========================================================================
Received Import Request.
  Time since last request: 0.000021 seconds.
  path: Assets/Sprites/Players/kabowski.gif
  artifactKey: Guid(a5ccfb8993fb07845aac9124df978f03) Importer(815301076,1909f56bfc062723c751e8b465ee728b)
Start importing Assets/Sprites/Players/kabowski.gif using Guid(a5ccfb8993fb07845aac9124df978f03) Importer(815301076,1909f56bfc062723c751e8b465ee728b)  -> (artifact id: 'e602f491c39f6b9acbddecb3f7cd1890') in 0.043639 seconds 
========================================================================
Received Import Request.
  Time since last request: 0.000020 seconds.
  path: Assets/Sprites/Players/up-walk.png
  artifactKey: Guid(92b04b8d301adf240bbeede5995a4ec7) Importer(815301076,1909f56bfc062723c751e8b465ee728b)
Start importing Assets/Sprites/Players/up-walk.png using Guid(92b04b8d301adf240bbeede5995a4ec7) Importer(815301076,1909f56bfc062723c751e8b465ee728b)  -> (artifact id: '324f49513b1ba080a1866f6abc7af289') in 0.038538 seconds 
========================================================================
Received Import Request.
  Time since last request: 0.000021 seconds.
  path: Assets/Sprites/Players/right-walk.png
  artifactKey: Guid(ae2e8fca3b3d6184d80e3b3fe0b4e15d) Importer(815301076,1909f56bfc062723c751e8b465ee728b)
Start importing Assets/Sprites/Players/right-walk.png using Guid(ae2e8fca3b3d6184d80e3b3fe0b4e15d) Importer(815301076,1909f56bfc062723c751e8b465ee728b)  -> (artifact id: 'fc608f37e19c66f17da0666d5ed2bf4b') in 0.076240 seconds 
========================================================================
Received Import Request.
  Time since last request: 0.000028 seconds.
  path: Assets/Sprites/Players/sand-Sheet-export.png
  artifactKey: Guid(a9374860de0e4ac4cbae3e751f0138c9) Importer(815301076,1909f56bfc062723c751e8b465ee728b)
Start importing Assets/Sprites/Players/sand-Sheet-export.png using Guid(a9374860de0e4ac4cbae3e751f0138c9) Importer(815301076,1909f56bfc062723c751e8b465ee728b)  -> (artifact id: 'cc388512d32fc9796994240fc138a4e8') in 0.024058 seconds 
Editor requested this worker to shutdown with reason: Scaling down because of idle timeout
AssetImportWorker is now disconnected from the server
Process exiting
Exiting without the bug reporter. Application will terminate with return code 0